<?xml version="1.0" encoding="UTF-8"?>
<testsuite name="com.example.friendsComments.FriendsCommentsApplicationTests" tests="1" skipped="0" failures="0" errors="0" timestamp="2020-05-01T03:36:52" hostname="debian" time="0.1">
  <properties/>
  <testcase name="contextLoads()" classname="com.example.friendsComments.FriendsCommentsApplicationTests" time="0.1"/>
  <system-out><![CDATA[05:36:46.745 [Test worker] DEBUG org.springframework.test.context.BootstrapUtils - Instantiating CacheAwareContextLoaderDelegate from class [org.springframework.test.context.cache.DefaultCacheAwareContextLoaderDelegate]
05:36:46.758 [Test worker] DEBUG org.springframework.test.context.BootstrapUtils - Instantiating BootstrapContext using constructor [public org.springframework.test.context.support.DefaultBootstrapContext(java.lang.Class,org.springframework.test.context.CacheAwareContextLoaderDelegate)]
05:36:46.787 [Test worker] DEBUG org.springframework.test.context.BootstrapUtils - Instantiating TestContextBootstrapper for test class [com.example.friendsComments.FriendsCommentsApplicationTests] from class [org.springframework.boot.test.context.SpringBootTestContextBootstrapper]
05:36:46.810 [Test worker] INFO org.springframework.boot.test.context.SpringBootTestContextBootstrapper - Neither @ContextConfiguration nor @ContextHierarchy found for test class [com.example.friendsComments.FriendsCommentsApplicationTests], using SpringBootContextLoader
05:36:46.813 [Test worker] DEBUG org.springframework.test.context.support.AbstractContextLoader - Did not detect default resource location for test class [com.example.friendsComments.FriendsCommentsApplicationTests]: class path resource [com/example/friendsComments/FriendsCommentsApplicationTests-context.xml] does not exist
05:36:46.814 [Test worker] DEBUG org.springframework.test.context.support.AbstractContextLoader - Did not detect default resource location for test class [com.example.friendsComments.FriendsCommentsApplicationTests]: class path resource [com/example/friendsComments/FriendsCommentsApplicationTestsContext.groovy] does not exist
05:36:46.814 [Test worker] INFO org.springframework.test.context.support.AbstractContextLoader - Could not detect default resource locations for test class [com.example.friendsComments.FriendsCommentsApplicationTests]: no resource found for suffixes {-context.xml, Context.groovy}.
05:36:46.815 [Test worker] INFO org.springframework.test.context.support.AnnotationConfigContextLoaderUtils - Could not detect default configuration classes for test class [com.example.friendsComments.FriendsCommentsApplicationTests]: FriendsCommentsApplicationTests does not declare any static, non-private, non-final, nested classes annotated with @Configuration.
05:36:46.854 [Test worker] DEBUG org.springframework.test.context.support.ActiveProfilesUtils - Could not find an 'annotation declaring class' for annotation type [org.springframework.test.context.ActiveProfiles] and class [com.example.friendsComments.FriendsCommentsApplicationTests]
05:36:46.931 [Test worker] DEBUG org.springframework.context.annotation.ClassPathScanningCandidateComponentProvider - Identified candidate component class: file [/home/yanis/Bureau/MLDS_S2/Web/Twister-master/friendsComments/build/classes/java/main/com/example/friendsComments/FriendsCommentsApplication.class]
05:36:46.945 [Test worker] INFO org.springframework.boot.test.context.SpringBootTestContextBootstrapper - Found @SpringBootConfiguration com.example.friendsComments.FriendsCommentsApplication for test class com.example.friendsComments.FriendsCommentsApplicationTests
05:36:47.017 [Test worker] DEBUG org.springframework.boot.test.context.SpringBootTestContextBootstrapper - @TestExecutionListeners is not present for class [com.example.friendsComments.FriendsCommentsApplicationTests]: using defaults.
05:36:47.017 [Test worker] INFO org.springframework.boot.test.context.SpringBootTestContextBootstrapper - Loaded default TestExecutionListener class names from location [META-INF/spring.factories]: [org.springframework.boot.test.autoconfigure.restdocs.RestDocsTestExecutionListener, org.springframework.boot.test.autoconfigure.web.client.MockRestServiceServerResetTestExecutionListener, org.springframework.boot.test.autoconfigure.web.servlet.MockMvcPrintOnlyOnFailureTestExecutionListener, org.springframework.boot.test.autoconfigure.web.servlet.WebDriverTestExecutionListener, org.springframework.boot.test.mock.mockito.MockitoTestExecutionListener, org.springframework.boot.test.mock.mockito.ResetMocksTestExecutionListener, org.springframework.test.context.web.ServletTestExecutionListener, org.springframework.test.context.support.DirtiesContextBeforeModesTestExecutionListener, org.springframework.test.context.support.DependencyInjectionTestExecutionListener, org.springframework.test.context.support.DirtiesContextTestExecutionListener, org.springframework.test.context.transaction.TransactionalTestExecutionListener, org.springframework.test.context.jdbc.SqlScriptsTestExecutionListener, org.springframework.test.context.event.EventPublishingTestExecutionListener]
05:36:47.035 [Test worker] INFO org.springframework.boot.test.context.SpringBootTestContextBootstrapper - Using TestExecutionListeners: [org.springframework.test.context.web.ServletTestExecutionListener@4b2fd24a, org.springframework.test.context.support.DirtiesContextBeforeModesTestExecutionListener@17008e35, org.springframework.boot.test.mock.mockito.MockitoTestExecutionListener@3b3eecc8, org.springframework.boot.test.autoconfigure.SpringBootDependencyInjectionTestExecutionListener@73b00511, org.springframework.test.context.support.DirtiesContextTestExecutionListener@46b824af, org.springframework.test.context.transaction.TransactionalTestExecutionListener@555a7b6b, org.springframework.test.context.jdbc.SqlScriptsTestExecutionListener@194e95a4, org.springframework.test.context.event.EventPublishingTestExecutionListener@6aa59311, org.springframework.boot.test.autoconfigure.restdocs.RestDocsTestExecutionListener@6dbf4fb6, org.springframework.boot.test.autoconfigure.web.client.MockRestServiceServerResetTestExecutionListener@6b38e049, org.springframework.boot.test.autoconfigure.web.servlet.MockMvcPrintOnlyOnFailureTestExecutionListener@636bb3f, org.springframework.boot.test.autoconfigure.web.servlet.WebDriverTestExecutionListener@40cd8df3, org.springframework.boot.test.mock.mockito.ResetMocksTestExecutionListener@5798b8a3]
05:36:47.039 [Test worker] DEBUG org.springframework.test.context.support.AbstractDirtiesContextTestExecutionListener - Before test class: context [DefaultTestContext@3bff4a21 testClass = FriendsCommentsApplicationTests, testInstance = [null], testMethod = [null], testException = [null], mergedContextConfiguration = [WebMergedContextConfiguration@2e9442ee testClass = FriendsCommentsApplicationTests, locations = '{}', classes = '{class com.example.friendsComments.FriendsCommentsApplication}', contextInitializerClasses = '[]', activeProfiles = '{}', propertySourceLocations = '{}', propertySourceProperties = '{org.springframework.boot.test.context.SpringBootTestContextBootstrapper=true}', contextCustomizers = set[org.springframework.boot.test.autoconfigure.properties.PropertyMappingContextCustomizer@0, org.springframework.boot.test.autoconfigure.web.servlet.WebDriverContextCustomizerFactory$Customizer@40853cc, org.springframework.boot.test.context.filter.ExcludeFilterContextCustomizer@4abf87d9, org.springframework.boot.test.json.DuplicateJsonObjectContextCustomizerFactory$DuplicateJsonObjectContextCustomizer@373fd900, org.springframework.boot.test.mock.mockito.MockitoContextCustomizer@0, org.springframework.boot.test.web.client.TestRestTemplateContextCustomizer@74595e15], resourceBasePath = 'src/main/webapp', contextLoader = 'org.springframework.boot.test.context.SpringBootContextLoader', parent = [null]], attributes = map['org.springframework.test.context.web.ServletTestExecutionListener.activateListener' -> true]], class annotated with @DirtiesContext [false] with mode [null].
05:36:47.067 [Test worker] DEBUG org.springframework.test.context.support.TestPropertySourceUtils - Adding inlined properties to environment: {spring.jmx.enabled=false, org.springframework.boot.test.context.SpringBootTestContextBootstrapper=true, server.port=-1}

  .   ____          _            __ _ _
 /\\ / ___'_ __ _ _(_)_ __  __ _ \ \ \ \
( ( )\___ | '_ | '_| | '_ \/ _` | \ \ \ \
 \\/  ___)| |_)| | | | | || (_| |  ) ) ) )
  '  |____| .__|_| |_|_| |_\__, | / / / /
 =========|_|==============|___/=/_/_/_/
 :: Spring Boot ::        (v2.2.6.RELEASE)

2020-05-01 05:36:47.305  WARN 4218 --- [    Test worker] ory$DuplicateJsonObjectContextCustomizer : 

Found multiple occurrences of org.json.JSONObject on the class path:

	jar:file:/home/yanis/.gradle/caches/modules-2/files-2.1/org.json/json/20141113/c590c04911645db2f53b9bbefd5c3fcd8ca5581d/json-20141113.jar!/org/json/JSONObject.class
	jar:file:/home/yanis/.gradle/caches/modules-2/files-2.1/com.vaadin.external.google/android-json/0.0.20131108.vaadin1/fa26d351fe62a6a17f5cda1287c1c6110dec413f/android-json-0.0.20131108.vaadin1.jar!/org/json/JSONObject.class

You may wish to exclude one of them to ensure predictable runtime behavior

2020-05-01 05:36:47.322  INFO 4218 --- [    Test worker] c.e.f.FriendsCommentsApplicationTests    : Starting FriendsCommentsApplicationTests on debian with PID 4218 (started by yanis in /home/yanis/Bureau/MLDS_S2/Web/Twister-master/friendsComments)
2020-05-01 05:36:47.323  INFO 4218 --- [    Test worker] c.e.f.FriendsCommentsApplicationTests    : No active profile set, falling back to default profiles: default
2020-05-01 05:36:48.025  INFO 4218 --- [    Test worker] .s.d.r.c.RepositoryConfigurationDelegate : Multiple Spring Data modules found, entering strict repository configuration mode!
2020-05-01 05:36:48.027  INFO 4218 --- [    Test worker] .s.d.r.c.RepositoryConfigurationDelegate : Bootstrapping Spring Data JPA repositories in DEFAULT mode.
2020-05-01 05:36:48.068  INFO 4218 --- [    Test worker] .RepositoryConfigurationExtensionSupport : Spring Data JPA - Could not safely identify store assignment for repository candidate interface com.example.friendsComments.CommentRepository. If you want this repository to be a JPA repository, consider annotating your entities with one of these annotations: javax.persistence.Entity, javax.persistence.MappedSuperclass (preferred), or consider extending one of the following types with your repository: org.springframework.data.jpa.repository.JpaRepository.
2020-05-01 05:36:48.100  INFO 4218 --- [    Test worker] .s.d.r.c.RepositoryConfigurationDelegate : Finished Spring Data repository scanning in 63ms. Found 3 JPA repository interfaces.
2020-05-01 05:36:48.130  INFO 4218 --- [    Test worker] .s.d.r.c.RepositoryConfigurationDelegate : Multiple Spring Data modules found, entering strict repository configuration mode!
2020-05-01 05:36:48.130  INFO 4218 --- [    Test worker] .s.d.r.c.RepositoryConfigurationDelegate : Bootstrapping Spring Data MongoDB repositories in DEFAULT mode.
2020-05-01 05:36:48.134  INFO 4218 --- [    Test worker] .RepositoryConfigurationExtensionSupport : Spring Data MongoDB - Could not safely identify store assignment for repository candidate interface com.example.friendsComments.FriendRipository. If you want this repository to be a MongoDB repository, consider annotating your entities with one of these annotations: org.springframework.data.mongodb.core.mapping.Document (preferred), or consider extending one of the following types with your repository: org.springframework.data.mongodb.repository.MongoRepository.
2020-05-01 05:36:48.135  INFO 4218 --- [    Test worker] .RepositoryConfigurationExtensionSupport : Spring Data MongoDB - Could not safely identify store assignment for repository candidate interface com.example.friendsComments.SessionRepository. If you want this repository to be a MongoDB repository, consider annotating your entities with one of these annotations: org.springframework.data.mongodb.core.mapping.Document (preferred), or consider extending one of the following types with your repository: org.springframework.data.mongodb.repository.MongoRepository.
2020-05-01 05:36:48.136  INFO 4218 --- [    Test worker] .RepositoryConfigurationExtensionSupport : Spring Data MongoDB - Could not safely identify store assignment for repository candidate interface com.example.friendsComments.UserRepository. If you want this repository to be a MongoDB repository, consider annotating your entities with one of these annotations: org.springframework.data.mongodb.core.mapping.Document (preferred), or consider extending one of the following types with your repository: org.springframework.data.mongodb.repository.MongoRepository.
2020-05-01 05:36:48.138  INFO 4218 --- [    Test worker] .s.d.r.c.RepositoryConfigurationDelegate : Finished Spring Data repository scanning in 7ms. Found 1 MongoDB repository interfaces.
2020-05-01 05:36:48.917  INFO 4218 --- [    Test worker] o.hibernate.jpa.internal.util.LogHelper  : HHH000204: Processing PersistenceUnitInfo [name: default]
2020-05-01 05:36:48.974  INFO 4218 --- [    Test worker] org.hibernate.Version                    : HHH000412: Hibernate ORM core version 5.4.12.Final
2020-05-01 05:36:49.098  INFO 4218 --- [    Test worker] o.hibernate.annotations.common.Version   : HCANN000001: Hibernate Commons Annotations {5.1.0.Final}
2020-05-01 05:36:49.226  INFO 4218 --- [    Test worker] com.zaxxer.hikari.HikariDataSource       : HikariPool-1 - Starting...
2020-05-01 05:36:49.610  INFO 4218 --- [    Test worker] com.zaxxer.hikari.HikariDataSource       : HikariPool-1 - Start completed.
2020-05-01 05:36:49.630  INFO 4218 --- [    Test worker] org.hibernate.dialect.Dialect            : HHH000400: Using dialect: org.hibernate.dialect.MySQL8Dialect
2020-05-01 05:36:50.431  INFO 4218 --- [    Test worker] o.h.e.t.j.p.i.JtaPlatformInitiator       : HHH000490: Using JtaPlatform implementation: [org.hibernate.engine.transaction.jta.platform.internal.NoJtaPlatform]
2020-05-01 05:36:50.439  INFO 4218 --- [    Test worker] j.LocalContainerEntityManagerFactoryBean : Initialized JPA EntityManagerFactory for persistence unit 'default'
2020-05-01 05:36:50.777  INFO 4218 --- [    Test worker] org.mongodb.driver.cluster               : Cluster created with settings {hosts=[localhost:27017], mode=SINGLE, requiredClusterType=UNKNOWN, serverSelectionTimeout='30000 ms', maxWaitQueueSize=500}
2020-05-01 05:36:50.869  INFO 4218 --- [localhost:27017] org.mongodb.driver.connection            : Opened connection [connectionId{localValue:1, serverValue:4}] to localhost:27017
2020-05-01 05:36:50.875  INFO 4218 --- [localhost:27017] org.mongodb.driver.cluster               : Monitor thread successfully connected to server with description ServerDescription{address=localhost:27017, type=STANDALONE, state=CONNECTED, ok=true, version=ServerVersion{versionList=[4, 2, 6]}, minWireVersion=0, maxWireVersion=8, maxDocumentSize=16777216, logicalSessionTimeoutMinutes=30, roundTripTimeNanos=3474271}
2020-05-01 05:36:51.445  WARN 4218 --- [    Test worker] JpaBaseConfiguration$JpaWebConfiguration : spring.jpa.open-in-view is enabled by default. Therefore, database queries may be performed during view rendering. Explicitly configure spring.jpa.open-in-view to disable this warning
2020-05-01 05:36:51.680  INFO 4218 --- [    Test worker] o.s.s.concurrent.ThreadPoolTaskExecutor  : Initializing ExecutorService 'applicationTaskExecutor'
2020-05-01 05:36:52.117  INFO 4218 --- [    Test worker] c.e.f.FriendsCommentsApplicationTests    : Started FriendsCommentsApplicationTests in 5.042 seconds (JVM running for 6.211)
]]></system-out>
  <system-err><![CDATA[]]></system-err>
</testsuite>
