<?xml version="1.0" encoding="UTF-8"?>
<testsuite name="com.example.logout.LogoutApplicationTests" tests="1" skipped="0" failures="0" errors="0" timestamp="2020-05-01T03:37:29" hostname="debian" time="0.111">
  <properties/>
  <testcase name="contextLoads()" classname="com.example.logout.LogoutApplicationTests" time="0.111"/>
  <system-out><![CDATA[05:37:24.729 [Test worker] DEBUG org.springframework.test.context.BootstrapUtils - Instantiating CacheAwareContextLoaderDelegate from class [org.springframework.test.context.cache.DefaultCacheAwareContextLoaderDelegate]
05:37:24.740 [Test worker] DEBUG org.springframework.test.context.BootstrapUtils - Instantiating BootstrapContext using constructor [public org.springframework.test.context.support.DefaultBootstrapContext(java.lang.Class,org.springframework.test.context.CacheAwareContextLoaderDelegate)]
05:37:24.762 [Test worker] DEBUG org.springframework.test.context.BootstrapUtils - Instantiating TestContextBootstrapper for test class [com.example.logout.LogoutApplicationTests] from class [org.springframework.boot.test.context.SpringBootTestContextBootstrapper]
05:37:24.775 [Test worker] INFO org.springframework.boot.test.context.SpringBootTestContextBootstrapper - Neither @ContextConfiguration nor @ContextHierarchy found for test class [com.example.logout.LogoutApplicationTests], using SpringBootContextLoader
05:37:24.779 [Test worker] DEBUG org.springframework.test.context.support.AbstractContextLoader - Did not detect default resource location for test class [com.example.logout.LogoutApplicationTests]: class path resource [com/example/logout/LogoutApplicationTests-context.xml] does not exist
05:37:24.779 [Test worker] DEBUG org.springframework.test.context.support.AbstractContextLoader - Did not detect default resource location for test class [com.example.logout.LogoutApplicationTests]: class path resource [com/example/logout/LogoutApplicationTestsContext.groovy] does not exist
05:37:24.779 [Test worker] INFO org.springframework.test.context.support.AbstractContextLoader - Could not detect default resource locations for test class [com.example.logout.LogoutApplicationTests]: no resource found for suffixes {-context.xml, Context.groovy}.
05:37:24.780 [Test worker] INFO org.springframework.test.context.support.AnnotationConfigContextLoaderUtils - Could not detect default configuration classes for test class [com.example.logout.LogoutApplicationTests]: LogoutApplicationTests does not declare any static, non-private, non-final, nested classes annotated with @Configuration.
05:37:24.824 [Test worker] DEBUG org.springframework.test.context.support.ActiveProfilesUtils - Could not find an 'annotation declaring class' for annotation type [org.springframework.test.context.ActiveProfiles] and class [com.example.logout.LogoutApplicationTests]
05:37:24.877 [Test worker] DEBUG org.springframework.context.annotation.ClassPathScanningCandidateComponentProvider - Identified candidate component class: file [/home/yanis/Bureau/MLDS_S2/Web/Twister-master/logout/build/classes/java/main/com/example/logout/LogoutApplication.class]
05:37:24.889 [Test worker] INFO org.springframework.boot.test.context.SpringBootTestContextBootstrapper - Found @SpringBootConfiguration com.example.logout.LogoutApplication for test class com.example.logout.LogoutApplicationTests
05:37:24.963 [Test worker] DEBUG org.springframework.boot.test.context.SpringBootTestContextBootstrapper - @TestExecutionListeners is not present for class [com.example.logout.LogoutApplicationTests]: using defaults.
05:37:24.964 [Test worker] INFO org.springframework.boot.test.context.SpringBootTestContextBootstrapper - Loaded default TestExecutionListener class names from location [META-INF/spring.factories]: [org.springframework.boot.test.autoconfigure.restdocs.RestDocsTestExecutionListener, org.springframework.boot.test.autoconfigure.web.client.MockRestServiceServerResetTestExecutionListener, org.springframework.boot.test.autoconfigure.web.servlet.MockMvcPrintOnlyOnFailureTestExecutionListener, org.springframework.boot.test.autoconfigure.web.servlet.WebDriverTestExecutionListener, org.springframework.boot.test.mock.mockito.MockitoTestExecutionListener, org.springframework.boot.test.mock.mockito.ResetMocksTestExecutionListener, org.springframework.test.context.web.ServletTestExecutionListener, org.springframework.test.context.support.DirtiesContextBeforeModesTestExecutionListener, org.springframework.test.context.support.DependencyInjectionTestExecutionListener, org.springframework.test.context.support.DirtiesContextTestExecutionListener, org.springframework.test.context.transaction.TransactionalTestExecutionListener, org.springframework.test.context.jdbc.SqlScriptsTestExecutionListener, org.springframework.test.context.event.EventPublishingTestExecutionListener]
05:37:24.982 [Test worker] INFO org.springframework.boot.test.context.SpringBootTestContextBootstrapper - Using TestExecutionListeners: [org.springframework.test.context.web.ServletTestExecutionListener@1edfc4cf, org.springframework.test.context.support.DirtiesContextBeforeModesTestExecutionListener@2465be27, org.springframework.boot.test.mock.mockito.MockitoTestExecutionListener@2dea04f0, org.springframework.boot.test.autoconfigure.SpringBootDependencyInjectionTestExecutionListener@5f89b17a, org.springframework.test.context.support.DirtiesContextTestExecutionListener@3f90fff8, org.springframework.test.context.transaction.TransactionalTestExecutionListener@368dfaab, org.springframework.test.context.jdbc.SqlScriptsTestExecutionListener@4bbdb50e, org.springframework.test.context.event.EventPublishingTestExecutionListener@59adcf62, org.springframework.boot.test.autoconfigure.restdocs.RestDocsTestExecutionListener@61fa8490, org.springframework.boot.test.autoconfigure.web.client.MockRestServiceServerResetTestExecutionListener@38fb62a6, org.springframework.boot.test.autoconfigure.web.servlet.MockMvcPrintOnlyOnFailureTestExecutionListener@1ec8a572, org.springframework.boot.test.autoconfigure.web.servlet.WebDriverTestExecutionListener@29a9bf16, org.springframework.boot.test.mock.mockito.ResetMocksTestExecutionListener@1c4260b7]
05:37:24.986 [Test worker] DEBUG org.springframework.test.context.support.AbstractDirtiesContextTestExecutionListener - Before test class: context [DefaultTestContext@76958bd2 testClass = LogoutApplicationTests, testInstance = [null], testMethod = [null], testException = [null], mergedContextConfiguration = [WebMergedContextConfiguration@7f656841 testClass = LogoutApplicationTests, locations = '{}', classes = '{class com.example.logout.LogoutApplication}', contextInitializerClasses = '[]', activeProfiles = '{}', propertySourceLocations = '{}', propertySourceProperties = '{org.springframework.boot.test.context.SpringBootTestContextBootstrapper=true}', contextCustomizers = set[org.springframework.boot.test.autoconfigure.properties.PropertyMappingContextCustomizer@0, org.springframework.boot.test.autoconfigure.web.servlet.WebDriverContextCustomizerFactory$Customizer@70396b8b, org.springframework.boot.test.context.filter.ExcludeFilterContextCustomizer@734b534d, org.springframework.boot.test.json.DuplicateJsonObjectContextCustomizerFactory$DuplicateJsonObjectContextCustomizer@209df4cc, org.springframework.boot.test.mock.mockito.MockitoContextCustomizer@0, org.springframework.boot.test.web.client.TestRestTemplateContextCustomizer@3ea7a975], resourceBasePath = 'src/main/webapp', contextLoader = 'org.springframework.boot.test.context.SpringBootContextLoader', parent = [null]], attributes = map['org.springframework.test.context.web.ServletTestExecutionListener.activateListener' -> true]], class annotated with @DirtiesContext [false] with mode [null].
05:37:25.019 [Test worker] DEBUG org.springframework.test.context.support.TestPropertySourceUtils - Adding inlined properties to environment: {spring.jmx.enabled=false, org.springframework.boot.test.context.SpringBootTestContextBootstrapper=true, server.port=-1}

  .   ____          _            __ _ _
 /\\ / ___'_ __ _ _(_)_ __  __ _ \ \ \ \
( ( )\___ | '_ | '_| | '_ \/ _` | \ \ \ \
 \\/  ___)| |_)| | | | | || (_| |  ) ) ) )
  '  |____| .__|_| |_|_| |_\__, | / / / /
 =========|_|==============|___/=/_/_/_/
 :: Spring Boot ::        (v2.2.6.RELEASE)

2020-05-01 05:37:25.288  WARN 4491 --- [    Test worker] ory$DuplicateJsonObjectContextCustomizer : 

Found multiple occurrences of org.json.JSONObject on the class path:

	jar:file:/home/yanis/.gradle/caches/modules-2/files-2.1/org.json/json/20141113/c590c04911645db2f53b9bbefd5c3fcd8ca5581d/json-20141113.jar!/org/json/JSONObject.class
	jar:file:/home/yanis/.gradle/caches/modules-2/files-2.1/com.vaadin.external.google/android-json/0.0.20131108.vaadin1/fa26d351fe62a6a17f5cda1287c1c6110dec413f/android-json-0.0.20131108.vaadin1.jar!/org/json/JSONObject.class

You may wish to exclude one of them to ensure predictable runtime behavior

2020-05-01 05:37:25.306  INFO 4491 --- [    Test worker] c.example.logout.LogoutApplicationTests  : Starting LogoutApplicationTests on debian with PID 4491 (started by yanis in /home/yanis/Bureau/MLDS_S2/Web/Twister-master/logout)
2020-05-01 05:37:25.307  INFO 4491 --- [    Test worker] c.example.logout.LogoutApplicationTests  : No active profile set, falling back to default profiles: default
2020-05-01 05:37:26.042  INFO 4491 --- [    Test worker] .s.d.r.c.RepositoryConfigurationDelegate : Bootstrapping Spring Data JPA repositories in DEFAULT mode.
2020-05-01 05:37:26.106  INFO 4491 --- [    Test worker] .s.d.r.c.RepositoryConfigurationDelegate : Finished Spring Data repository scanning in 52ms. Found 1 JPA repository interfaces.
2020-05-01 05:37:26.752  INFO 4491 --- [    Test worker] o.hibernate.jpa.internal.util.LogHelper  : HHH000204: Processing PersistenceUnitInfo [name: default]
2020-05-01 05:37:26.830  INFO 4491 --- [    Test worker] org.hibernate.Version                    : HHH000412: Hibernate ORM core version 5.4.12.Final
2020-05-01 05:37:26.982  INFO 4491 --- [    Test worker] o.hibernate.annotations.common.Version   : HCANN000001: Hibernate Commons Annotations {5.1.0.Final}
2020-05-01 05:37:27.090  INFO 4491 --- [    Test worker] com.zaxxer.hikari.HikariDataSource       : HikariPool-1 - Starting...
2020-05-01 05:37:27.427  INFO 4491 --- [    Test worker] com.zaxxer.hikari.HikariDataSource       : HikariPool-1 - Start completed.
2020-05-01 05:37:27.448  INFO 4491 --- [    Test worker] org.hibernate.dialect.Dialect            : HHH000400: Using dialect: org.hibernate.dialect.MySQL8Dialect
2020-05-01 05:37:28.128  INFO 4491 --- [    Test worker] o.h.e.t.j.p.i.JtaPlatformInitiator       : HHH000490: Using JtaPlatform implementation: [org.hibernate.engine.transaction.jta.platform.internal.NoJtaPlatform]
2020-05-01 05:37:28.136  INFO 4491 --- [    Test worker] j.LocalContainerEntityManagerFactoryBean : Initialized JPA EntityManagerFactory for persistence unit 'default'
2020-05-01 05:37:28.687  WARN 4491 --- [    Test worker] JpaBaseConfiguration$JpaWebConfiguration : spring.jpa.open-in-view is enabled by default. Therefore, database queries may be performed during view rendering. Explicitly configure spring.jpa.open-in-view to disable this warning
2020-05-01 05:37:28.967  INFO 4491 --- [    Test worker] o.s.s.concurrent.ThreadPoolTaskExecutor  : Initializing ExecutorService 'applicationTaskExecutor'
2020-05-01 05:37:29.339  INFO 4491 --- [    Test worker] c.example.logout.LogoutApplicationTests  : Started LogoutApplicationTests in 4.309 seconds (JVM running for 5.471)
]]></system-out>
  <system-err><![CDATA[]]></system-err>
</testsuite>
