<?xml version="1.0" encoding="UTF-8"?>
<testsuite name="com.example.addComment.AddCommentApplicationTests" tests="1" skipped="0" failures="0" errors="0" timestamp="2020-05-01T03:35:44" hostname="debian" time="0.108">
  <properties/>
  <testcase name="contextLoads()" classname="com.example.addComment.AddCommentApplicationTests" time="0.108"/>
  <system-out><![CDATA[05:35:38.915 [Test worker] DEBUG org.springframework.test.context.BootstrapUtils - Instantiating CacheAwareContextLoaderDelegate from class [org.springframework.test.context.cache.DefaultCacheAwareContextLoaderDelegate]
05:35:38.930 [Test worker] DEBUG org.springframework.test.context.BootstrapUtils - Instantiating BootstrapContext using constructor [public org.springframework.test.context.support.DefaultBootstrapContext(java.lang.Class,org.springframework.test.context.CacheAwareContextLoaderDelegate)]
05:35:38.959 [Test worker] DEBUG org.springframework.test.context.BootstrapUtils - Instantiating TestContextBootstrapper for test class [com.example.addComment.AddCommentApplicationTests] from class [org.springframework.boot.test.context.SpringBootTestContextBootstrapper]
05:35:38.975 [Test worker] INFO org.springframework.boot.test.context.SpringBootTestContextBootstrapper - Neither @ContextConfiguration nor @ContextHierarchy found for test class [com.example.addComment.AddCommentApplicationTests], using SpringBootContextLoader
05:35:38.980 [Test worker] DEBUG org.springframework.test.context.support.AbstractContextLoader - Did not detect default resource location for test class [com.example.addComment.AddCommentApplicationTests]: class path resource [com/example/addComment/AddCommentApplicationTests-context.xml] does not exist
05:35:38.981 [Test worker] DEBUG org.springframework.test.context.support.AbstractContextLoader - Did not detect default resource location for test class [com.example.addComment.AddCommentApplicationTests]: class path resource [com/example/addComment/AddCommentApplicationTestsContext.groovy] does not exist
05:35:38.981 [Test worker] INFO org.springframework.test.context.support.AbstractContextLoader - Could not detect default resource locations for test class [com.example.addComment.AddCommentApplicationTests]: no resource found for suffixes {-context.xml, Context.groovy}.
05:35:38.982 [Test worker] INFO org.springframework.test.context.support.AnnotationConfigContextLoaderUtils - Could not detect default configuration classes for test class [com.example.addComment.AddCommentApplicationTests]: AddCommentApplicationTests does not declare any static, non-private, non-final, nested classes annotated with @Configuration.
05:35:39.030 [Test worker] DEBUG org.springframework.test.context.support.ActiveProfilesUtils - Could not find an 'annotation declaring class' for annotation type [org.springframework.test.context.ActiveProfiles] and class [com.example.addComment.AddCommentApplicationTests]
05:35:39.075 [Test worker] DEBUG org.springframework.context.annotation.ClassPathScanningCandidateComponentProvider - Identified candidate component class: file [/home/yanis/Bureau/MLDS_S2/Web/Twister-master/addComment/build/classes/java/main/com/example/addComment/AddCommentApplication.class]
05:35:39.089 [Test worker] INFO org.springframework.boot.test.context.SpringBootTestContextBootstrapper - Found @SpringBootConfiguration com.example.addComment.AddCommentApplication for test class com.example.addComment.AddCommentApplicationTests
05:35:39.157 [Test worker] DEBUG org.springframework.boot.test.context.SpringBootTestContextBootstrapper - @TestExecutionListeners is not present for class [com.example.addComment.AddCommentApplicationTests]: using defaults.
05:35:39.158 [Test worker] INFO org.springframework.boot.test.context.SpringBootTestContextBootstrapper - Loaded default TestExecutionListener class names from location [META-INF/spring.factories]: [org.springframework.boot.test.autoconfigure.restdocs.RestDocsTestExecutionListener, org.springframework.boot.test.autoconfigure.web.client.MockRestServiceServerResetTestExecutionListener, org.springframework.boot.test.autoconfigure.web.servlet.MockMvcPrintOnlyOnFailureTestExecutionListener, org.springframework.boot.test.autoconfigure.web.servlet.WebDriverTestExecutionListener, org.springframework.boot.test.mock.mockito.MockitoTestExecutionListener, org.springframework.boot.test.mock.mockito.ResetMocksTestExecutionListener, org.springframework.test.context.web.ServletTestExecutionListener, org.springframework.test.context.support.DirtiesContextBeforeModesTestExecutionListener, org.springframework.test.context.support.DependencyInjectionTestExecutionListener, org.springframework.test.context.support.DirtiesContextTestExecutionListener, org.springframework.test.context.transaction.TransactionalTestExecutionListener, org.springframework.test.context.jdbc.SqlScriptsTestExecutionListener, org.springframework.test.context.event.EventPublishingTestExecutionListener]
05:35:39.175 [Test worker] INFO org.springframework.boot.test.context.SpringBootTestContextBootstrapper - Using TestExecutionListeners: [org.springframework.test.context.web.ServletTestExecutionListener@7fdcb5da, org.springframework.test.context.support.DirtiesContextBeforeModesTestExecutionListener@762b1fa2, org.springframework.boot.test.mock.mockito.MockitoTestExecutionListener@6e9d6101, org.springframework.boot.test.autoconfigure.SpringBootDependencyInjectionTestExecutionListener@3578effd, org.springframework.test.context.support.DirtiesContextTestExecutionListener@2f90eeed, org.springframework.test.context.transaction.TransactionalTestExecutionListener@16832b2, org.springframework.test.context.jdbc.SqlScriptsTestExecutionListener@478cef7, org.springframework.test.context.event.EventPublishingTestExecutionListener@760dde82, org.springframework.boot.test.autoconfigure.restdocs.RestDocsTestExecutionListener@5e42a128, org.springframework.boot.test.autoconfigure.web.client.MockRestServiceServerResetTestExecutionListener@1efff5f0, org.springframework.boot.test.autoconfigure.web.servlet.MockMvcPrintOnlyOnFailureTestExecutionListener@5cb28fae, org.springframework.boot.test.autoconfigure.web.servlet.WebDriverTestExecutionListener@44d3b374, org.springframework.boot.test.mock.mockito.ResetMocksTestExecutionListener@fd30127]
05:35:39.179 [Test worker] DEBUG org.springframework.test.context.support.AbstractDirtiesContextTestExecutionListener - Before test class: context [DefaultTestContext@bb6a89 testClass = AddCommentApplicationTests, testInstance = [null], testMethod = [null], testException = [null], mergedContextConfiguration = [WebMergedContextConfiguration@c9e9a36 testClass = AddCommentApplicationTests, locations = '{}', classes = '{class com.example.addComment.AddCommentApplication}', contextInitializerClasses = '[]', activeProfiles = '{}', propertySourceLocations = '{}', propertySourceProperties = '{org.springframework.boot.test.context.SpringBootTestContextBootstrapper=true}', contextCustomizers = set[org.springframework.boot.test.autoconfigure.properties.PropertyMappingContextCustomizer@0, org.springframework.boot.test.autoconfigure.web.servlet.WebDriverContextCustomizerFactory$Customizer@4792f95e, org.springframework.boot.test.context.filter.ExcludeFilterContextCustomizer@3083bb9e, org.springframework.boot.test.json.DuplicateJsonObjectContextCustomizerFactory$DuplicateJsonObjectContextCustomizer@2ea60b46, org.springframework.boot.test.mock.mockito.MockitoContextCustomizer@0, org.springframework.boot.test.web.client.TestRestTemplateContextCustomizer@53e8251e], resourceBasePath = 'src/main/webapp', contextLoader = 'org.springframework.boot.test.context.SpringBootContextLoader', parent = [null]], attributes = map['org.springframework.test.context.web.ServletTestExecutionListener.activateListener' -> true]], class annotated with @DirtiesContext [false] with mode [null].
05:35:39.200 [Test worker] DEBUG org.springframework.test.context.support.TestPropertySourceUtils - Adding inlined properties to environment: {spring.jmx.enabled=false, org.springframework.boot.test.context.SpringBootTestContextBootstrapper=true, server.port=-1}

  .   ____          _            __ _ _
 /\\ / ___'_ __ _ _(_)_ __  __ _ \ \ \ \
( ( )\___ | '_ | '_| | '_ \/ _` | \ \ \ \
 \\/  ___)| |_)| | | | | || (_| |  ) ) ) )
  '  |____| .__|_| |_|_| |_\__, | / / / /
 =========|_|==============|___/=/_/_/_/
 :: Spring Boot ::        (v2.2.6.RELEASE)

2020-05-01 05:35:39.460  WARN 3791 --- [    Test worker] ory$DuplicateJsonObjectContextCustomizer : 

Found multiple occurrences of org.json.JSONObject on the class path:

	jar:file:/home/yanis/.gradle/caches/modules-2/files-2.1/org.json/json/20141113/c590c04911645db2f53b9bbefd5c3fcd8ca5581d/json-20141113.jar!/org/json/JSONObject.class
	jar:file:/home/yanis/.gradle/caches/modules-2/files-2.1/com.vaadin.external.google/android-json/0.0.20131108.vaadin1/fa26d351fe62a6a17f5cda1287c1c6110dec413f/android-json-0.0.20131108.vaadin1.jar!/org/json/JSONObject.class

You may wish to exclude one of them to ensure predictable runtime behavior

2020-05-01 05:35:39.481  INFO 3791 --- [    Test worker] c.e.a.AddCommentApplicationTests         : Starting AddCommentApplicationTests on debian with PID 3791 (started by yanis in /home/yanis/Bureau/MLDS_S2/Web/Twister-master/addComment)
2020-05-01 05:35:39.483  INFO 3791 --- [    Test worker] c.e.a.AddCommentApplicationTests         : No active profile set, falling back to default profiles: default
2020-05-01 05:35:40.210  INFO 3791 --- [    Test worker] .s.d.r.c.RepositoryConfigurationDelegate : Multiple Spring Data modules found, entering strict repository configuration mode!
2020-05-01 05:35:40.212  INFO 3791 --- [    Test worker] .s.d.r.c.RepositoryConfigurationDelegate : Bootstrapping Spring Data JPA repositories in DEFAULT mode.
2020-05-01 05:35:40.249  INFO 3791 --- [    Test worker] .RepositoryConfigurationExtensionSupport : Spring Data JPA - Could not safely identify store assignment for repository candidate interface com.example.addComment.CommentRepository. If you want this repository to be a JPA repository, consider annotating your entities with one of these annotations: javax.persistence.Entity, javax.persistence.MappedSuperclass (preferred), or consider extending one of the following types with your repository: org.springframework.data.jpa.repository.JpaRepository.
2020-05-01 05:35:40.274  INFO 3791 --- [    Test worker] .s.d.r.c.RepositoryConfigurationDelegate : Finished Spring Data repository scanning in 53ms. Found 2 JPA repository interfaces.
2020-05-01 05:35:40.307  INFO 3791 --- [    Test worker] .s.d.r.c.RepositoryConfigurationDelegate : Multiple Spring Data modules found, entering strict repository configuration mode!
2020-05-01 05:35:40.308  INFO 3791 --- [    Test worker] .s.d.r.c.RepositoryConfigurationDelegate : Bootstrapping Spring Data MongoDB repositories in DEFAULT mode.
2020-05-01 05:35:40.314  INFO 3791 --- [    Test worker] .RepositoryConfigurationExtensionSupport : Spring Data MongoDB - Could not safely identify store assignment for repository candidate interface com.example.addComment.SessionRepository. If you want this repository to be a MongoDB repository, consider annotating your entities with one of these annotations: org.springframework.data.mongodb.core.mapping.Document (preferred), or consider extending one of the following types with your repository: org.springframework.data.mongodb.repository.MongoRepository.
2020-05-01 05:35:40.315  INFO 3791 --- [    Test worker] .RepositoryConfigurationExtensionSupport : Spring Data MongoDB - Could not safely identify store assignment for repository candidate interface com.example.addComment.UserRepository. If you want this repository to be a MongoDB repository, consider annotating your entities with one of these annotations: org.springframework.data.mongodb.core.mapping.Document (preferred), or consider extending one of the following types with your repository: org.springframework.data.mongodb.repository.MongoRepository.
2020-05-01 05:35:40.318  INFO 3791 --- [    Test worker] .s.d.r.c.RepositoryConfigurationDelegate : Finished Spring Data repository scanning in 9ms. Found 1 MongoDB repository interfaces.
2020-05-01 05:35:41.039  INFO 3791 --- [    Test worker] o.hibernate.jpa.internal.util.LogHelper  : HHH000204: Processing PersistenceUnitInfo [name: default]
2020-05-01 05:35:41.113  INFO 3791 --- [    Test worker] org.hibernate.Version                    : HHH000412: Hibernate ORM core version 5.4.12.Final
2020-05-01 05:35:41.258  INFO 3791 --- [    Test worker] o.hibernate.annotations.common.Version   : HCANN000001: Hibernate Commons Annotations {5.1.0.Final}
2020-05-01 05:35:41.410  INFO 3791 --- [    Test worker] com.zaxxer.hikari.HikariDataSource       : HikariPool-1 - Starting...
2020-05-01 05:35:41.851  INFO 3791 --- [    Test worker] com.zaxxer.hikari.HikariDataSource       : HikariPool-1 - Start completed.
2020-05-01 05:35:41.868  INFO 3791 --- [    Test worker] org.hibernate.dialect.Dialect            : HHH000400: Using dialect: org.hibernate.dialect.MySQL8Dialect
2020-05-01 05:35:42.541  INFO 3791 --- [    Test worker] o.h.e.t.j.p.i.JtaPlatformInitiator       : HHH000490: Using JtaPlatform implementation: [org.hibernate.engine.transaction.jta.platform.internal.NoJtaPlatform]
2020-05-01 05:35:42.548  INFO 3791 --- [    Test worker] j.LocalContainerEntityManagerFactoryBean : Initialized JPA EntityManagerFactory for persistence unit 'default'
2020-05-01 05:35:42.950  INFO 3791 --- [    Test worker] org.mongodb.driver.cluster               : Cluster created with settings {hosts=[localhost:27017], mode=SINGLE, requiredClusterType=UNKNOWN, serverSelectionTimeout='30000 ms', maxWaitQueueSize=500}
2020-05-01 05:35:43.033  INFO 3791 --- [localhost:27017] org.mongodb.driver.connection            : Opened connection [connectionId{localValue:1, serverValue:2}] to localhost:27017
2020-05-01 05:35:43.040  INFO 3791 --- [localhost:27017] org.mongodb.driver.cluster               : Monitor thread successfully connected to server with description ServerDescription{address=localhost:27017, type=STANDALONE, state=CONNECTED, ok=true, version=ServerVersion{versionList=[4, 2, 6]}, minWireVersion=0, maxWireVersion=8, maxDocumentSize=16777216, logicalSessionTimeoutMinutes=30, roundTripTimeNanos=3817496}
2020-05-01 05:35:43.512  WARN 3791 --- [    Test worker] JpaBaseConfiguration$JpaWebConfiguration : spring.jpa.open-in-view is enabled by default. Therefore, database queries may be performed during view rendering. Explicitly configure spring.jpa.open-in-view to disable this warning
2020-05-01 05:35:43.777  INFO 3791 --- [    Test worker] o.s.s.concurrent.ThreadPoolTaskExecutor  : Initializing ExecutorService 'applicationTaskExecutor'
2020-05-01 05:35:44.194  INFO 3791 --- [    Test worker] c.e.a.AddCommentApplicationTests         : Started AddCommentApplicationTests in 4.985 seconds (JVM running for 6.118)
]]></system-out>
  <system-err><![CDATA[]]></system-err>
</testsuite>
